<?xml version="1.0" encoding="UTF-8"?>
<testsuite xmlns:xsi="http://www.w3.org/2001/XMLSchema-instance" xsi:noNamespaceSchemaLocation="https://maven.apache.org/surefire/maven-surefire-plugin/xsd/surefire-test-report.xsd" version="3.0.2" name="com.example.ecommerce.controller.EcommerceApplicationTests" time="8.938" tests="1" errors="0" skipped="0" failures="0">
  <properties>
[...]
</properties>
  <testcase name="contextLoads" classname="com.example.ecommerce.controller.EcommerceApplicationTests" time="1.324">
    <system-out><![CDATA[Standard Commons Logging discovery in action with spring-jcl: please remove commons-logging.jar from classpath in order to avoid potential conflicts
10:01:46.638 [main] INFO org.springframework.test.context.support.AnnotationConfigContextLoaderUtils -- Could not detect default configuration classes for test class [com.example.ecommerce.controller.EcommerceApplicationTests]: EcommerceApplicationTests does not declare any static, non-private, non-final, nested classes annotated with @Configuration.
10:01:46.970 [main] INFO org.springframework.boot.test.context.SpringBootTestContextBootstrapper -- Found @SpringBootConfiguration com.example.ecommerce.EcommerceApplication for test class com.example.ecommerce.controller.EcommerceApplicationTests

  .   ____          _            __ _ _
 /\\ / ___'_ __ _ _(_)_ __  __ _ \ \ \ \
( ( )\___ | '_ | '_| | '_ \/ _` | \ \ \ \
 \\/  ___)| |_)| | | | | || (_| |  ) ) ) )
  '  |____| .__|_| |_|_| |_\__, | / / / /
 =========|_|==============|___/=/_/_/_/

 :: Spring Boot ::                (v3.4.6)

2025-05-26T10:01:48.083+05:30  INFO 19568 --- [ecommerce] [           main] c.e.e.c.EcommerceApplicationTests        : Starting EcommerceApplicationTests using Java 23.0.2 with PID 19568 (started by chand in C:\Users\chand\OneDrive\Desktop\not_bot-main)
2025-05-26T10:01:48.086+05:30  INFO 19568 --- [ecommerce] [           main] c.e.e.c.EcommerceApplicationTests        : No active profile set, falling back to 1 default profile: "default"
2025-05-26T10:01:49.442+05:30  INFO 19568 --- [ecommerce] [           main] .s.d.r.c.RepositoryConfigurationDelegate : Bootstrapping Spring Data MongoDB repositories in DEFAULT mode.
2025-05-26T10:01:49.570+05:30  INFO 19568 --- [ecommerce] [           main] .s.d.r.c.RepositoryConfigurationDelegate : Finished Spring Data repository scanning in 112 ms. Found 1 MongoDB repository interface.
2025-05-26T10:01:50.508+05:30  INFO 19568 --- [ecommerce] [4fa.mongodb.net] org.mongodb.driver.cluster               : Adding discovered server ac-ss2gdsk-shard-00-00.lwgs4fa.mongodb.net:27017 to client view of cluster
2025-05-26T10:01:50.519+05:30  INFO 19568 --- [ecommerce] [           main] org.mongodb.driver.client                : MongoClient with metadata {"application": {"name": "ecommerce"}, "driver": {"name": "mongo-java-driver|sync|spring-boot", "version": "5.2.1"}, "os": {"type": "Windows", "name": "Windows 11", "architecture": "amd64", "version": "10.0"}, "platform": "Java/Oracle Corporation/23.0.2+7-58"} created with settings MongoClientSettings{readPreference=primary, writeConcern=WriteConcern{w=majority, wTimeout=null ms, journal=null}, retryWrites=true, retryReads=true, readConcern=ReadConcern{level=null}, credential=MongoCredential{mechanism=null, userName='chandansathvik913', source='admin', password=<hidden>, mechanismProperties=<hidden>}, transportSettings=null, commandListeners=[], codecRegistry=ProvidersCodecRegistry{codecProviders=[ValueCodecProvider{}, BsonValueCodecProvider{}, DBRefCodecProvider{}, DBObjectCodecProvider{}, DocumentCodecProvider{}, CollectionCodecProvider{}, IterableCodecProvider{}, MapCodecProvider{}, GeoJsonCodecProvider{}, GridFSFileCodecProvider{}, Jsr310CodecProvider{}, JsonObjectCodecProvider{}, BsonCodecProvider{}, EnumCodecProvider{}, com.mongodb.client.model.mql.ExpressionCodecProvider@ea04cab, com.mongodb.Jep395RecordCodecProvider@134f8ef6, com.mongodb.KotlinCodecProvider@5a90265a]}, loggerSettings=LoggerSettings{maxDocumentLength=1000}, clusterSettings={hosts=[127.0.0.1:27017], srvHost=ecommerce.lwgs4fa.mongodb.net, srvServiceName=mongodb, mode=MULTIPLE, requiredClusterType=REPLICA_SET, requiredReplicaSetName='atlas-108fvq-shard-0', serverSelector='null', clusterListeners='[]', serverSelectionTimeout='30000 ms', localThreshold='15 ms'}, socketSettings=SocketSettings{connectTimeoutMS=10000, readTimeoutMS=0, receiveBufferSize=0, proxySettings=ProxySettings{host=null, port=null, username=null, password=null}}, heartbeatSocketSettings=SocketSettings{connectTimeoutMS=10000, readTimeoutMS=10000, receiveBufferSize=0, proxySettings=ProxySettings{host=null, port=null, username=null, password=null}}, connectionPoolSettings=ConnectionPoolSettings{maxSize=100, minSize=0, maxWaitTimeMS=120000, maxConnectionLifeTimeMS=0, maxConnectionIdleTimeMS=0, maintenanceInitialDelayMS=0, maintenanceFrequencyMS=60000, connectionPoolListeners=[], maxConnecting=2}, serverSettings=ServerSettings{heartbeatFrequencyMS=10000, minHeartbeatFrequencyMS=500, serverMonitoringMode=AUTO, serverListeners='[]', serverMonitorListeners='[]'}, sslSettings=SslSettings{enabled=true, invalidHostNameAllowed=false, context=null}, applicationName='ecommerce', compressorList=[], uuidRepresentation=JAVA_LEGACY, serverApi=null, autoEncryptionSettings=null, dnsClient=null, inetAddressResolver=null, contextProvider=null, timeoutMS=null}
2025-05-26T10:01:50.573+05:30  INFO 19568 --- [ecommerce] [4fa.mongodb.net] org.mongodb.driver.cluster               : Adding discovered server ac-ss2gdsk-shard-00-01.lwgs4fa.mongodb.net:27017 to client view of cluster
2025-05-26T10:01:50.579+05:30  INFO 19568 --- [ecommerce] [4fa.mongodb.net] org.mongodb.driver.cluster               : Adding discovered server ac-ss2gdsk-shard-00-02.lwgs4fa.mongodb.net:27017 to client view of cluster
2025-05-26T10:01:51.496+05:30  INFO 19568 --- [ecommerce] [ngodb.net:27017] org.mongodb.driver.cluster               : Monitor thread successfully connected to server with description ServerDescription{address=ac-ss2gdsk-shard-00-00.lwgs4fa.mongodb.net:27017, type=REPLICA_SET_SECONDARY, cryptd=false, state=CONNECTED, ok=true, minWireVersion=0, maxWireVersion=25, maxDocumentSize=16777216, logicalSessionTimeoutMinutes=30, roundTripTimeNanos=510630100, minRoundTripTimeNanos=0, setName='atlas-108fvq-shard-0', canonicalAddress=ac-ss2gdsk-shard-00-00.lwgs4fa.mongodb.net:27017, hosts=[ac-ss2gdsk-shard-00-01.lwgs4fa.mongodb.net:27017, ac-ss2gdsk-shard-00-00.lwgs4fa.mongodb.net:27017, ac-ss2gdsk-shard-00-02.lwgs4fa.mongodb.net:27017], passives=[], arbiters=[], primary='ac-ss2gdsk-shard-00-02.lwgs4fa.mongodb.net:27017', tagSet=TagSet{[Tag{name='availabilityZone', value='asia-south1-a'}, Tag{name='diskState', value='READY'}, Tag{name='nodeType', value='ELECTABLE'}, Tag{name='provider', value='GCP'}, Tag{name='region', value='ASIA_SOUTH_1'}, Tag{name='workloadType', value='OPERATIONAL'}]}, electionId=null, setVersion=9, topologyVersion=TopologyVersion{processId=682c9d77f53dbd1e60f93940, counter=4}, lastWriteDate=Mon May 26 10:01:52 IST 2025, lastUpdateTimeNanos=269847304478500}
2025-05-26T10:01:51.496+05:30  INFO 19568 --- [ecommerce] [ngodb.net:27017] org.mongodb.driver.cluster               : Monitor thread successfully connected to server with description ServerDescription{address=ac-ss2gdsk-shard-00-02.lwgs4fa.mongodb.net:27017, type=REPLICA_SET_PRIMARY, cryptd=false, state=CONNECTED, ok=true, minWireVersion=0, maxWireVersion=25, maxDocumentSize=16777216, logicalSessionTimeoutMinutes=30, roundTripTimeNanos=517438900, minRoundTripTimeNanos=0, setName='atlas-108fvq-shard-0', canonicalAddress=ac-ss2gdsk-shard-00-02.lwgs4fa.mongodb.net:27017, hosts=[ac-ss2gdsk-shard-00-01.lwgs4fa.mongodb.net:27017, ac-ss2gdsk-shard-00-00.lwgs4fa.mongodb.net:27017, ac-ss2gdsk-shard-00-02.lwgs4fa.mongodb.net:27017], passives=[], arbiters=[], primary='ac-ss2gdsk-shard-00-02.lwgs4fa.mongodb.net:27017', tagSet=TagSet{[Tag{name='availabilityZone', value='asia-south1-c'}, Tag{name='diskState', value='READY'}, Tag{name='nodeType', value='ELECTABLE'}, Tag{name='provider', value='GCP'}, Tag{name='region', value='ASIA_SOUTH_1'}, Tag{name='workloadType', value='OPERATIONAL'}]}, electionId=7fffffff000000000000009e, setVersion=9, topologyVersion=TopologyVersion{processId=682ca0219e30f68a5c9994fd, counter=6}, lastWriteDate=Mon May 26 10:01:52 IST 2025, lastUpdateTimeNanos=269847304478500}
2025-05-26T10:01:51.496+05:30  INFO 19568 --- [ecommerce] [ngodb.net:27017] org.mongodb.driver.cluster               : Monitor thread successfully connected to server with description ServerDescription{address=ac-ss2gdsk-shard-00-01.lwgs4fa.mongodb.net:27017, type=REPLICA_SET_SECONDARY, cryptd=false, state=CONNECTED, ok=true, minWireVersion=0, maxWireVersion=25, maxDocumentSize=16777216, logicalSessionTimeoutMinutes=30, roundTripTimeNanos=517440200, minRoundTripTimeNanos=0, setName='atlas-108fvq-shard-0', canonicalAddress=ac-ss2gdsk-shard-00-01.lwgs4fa.mongodb.net:27017, hosts=[ac-ss2gdsk-shard-00-01.lwgs4fa.mongodb.net:27017, ac-ss2gdsk-shard-00-00.lwgs4fa.mongodb.net:27017, ac-ss2gdsk-shard-00-02.lwgs4fa.mongodb.net:27017], passives=[], arbiters=[], primary='ac-ss2gdsk-shard-00-02.lwgs4fa.mongodb.net:27017', tagSet=TagSet{[Tag{name='availabilityZone', value='asia-south1-b'}, Tag{name='diskState', value='READY'}, Tag{name='nodeType', value='ELECTABLE'}, Tag{name='provider', value='GCP'}, Tag{name='region', value='ASIA_SOUTH_1'}, Tag{name='workloadType', value='OPERATIONAL'}]}, electionId=null, setVersion=9, topologyVersion=TopologyVersion{processId=682ca2e9387f3313de156248, counter=3}, lastWriteDate=Mon May 26 10:01:52 IST 2025, lastUpdateTimeNanos=269847304495400}
2025-05-26T10:01:51.517+05:30  INFO 19568 --- [ecommerce] [ngodb.net:27017] org.mongodb.driver.cluster               : Discovered replica set primary ac-ss2gdsk-shard-00-02.lwgs4fa.mongodb.net:27017 with max election id 7fffffff000000000000009e and max set version 9
2025-05-26T10:01:52.979+05:30  INFO 19568 --- [ecommerce] [           main] o.s.b.a.w.s.WelcomePageHandlerMapping    : Adding welcome page template: index
2025-05-26T10:01:53.693+05:30  INFO 19568 --- [ecommerce] [           main] c.e.e.c.EcommerceApplicationTests        : Started EcommerceApplicationTests in 6.251 seconds (process running for 9.233)
]]></system-out>
    <system-err><![CDATA[Mockito is currently self-attaching to enable the inline-mock-maker. This will no longer work in future releases of the JDK. Please add Mockito as an agent to your build what is described in Mockito's documentation: https://javadoc.io/doc/org.mockito/mockito-core/latest/org/mockito/Mockito.html#0.3
WARNING: A Java agent has been loaded dynamically (C:\Users\chand\.m2\repository\net\bytebuddy\byte-buddy-agent\1.15.11\byte-buddy-agent-1.15.11.jar)
WARNING: If a serviceability tool is in use, please run with -XX:+EnableDynamicAgentLoading to hide this warning
WARNING: If a serviceability tool is not in use, please run with -Djdk.instrument.traceUsage for more information
WARNING: Dynamic loading of agents will be disallowed by default in a future release
]]></system-err>
  </testcase>
</testsuite>